#
# There is insufficient memory for the Java Runtime Environment to continue.
# Native memory allocation (malloc) failed to allocate 2097152 bytes. Error detail: AllocateHeap
# Possible reasons:
#   The system is out of physical RAM or swap space
#   This process is running with CompressedOops enabled, and the Java Heap may be blocking the growth of the native heap
# Possible solutions:
#   Reduce memory load on the system
#   Increase physical memory or swap space
#   Check if swap backing store is full
#   Decrease Java heap size (-Xmx/-Xms)
#   Decrease number of Java threads
#   Decrease Java thread stack sizes (-Xss)
#   Set larger code cache with -XX:ReservedCodeCacheSize=
#   JVM is running with Unscaled Compressed Oops mode in which the Java heap is
#     placed in the first 4GB address space. The Java Heap base address is the
#     maximum limit for the native heap growth. Please use -XX:HeapBaseMinAddress
#     to set the Java Heap base and to place the Java Heap above 4GB virtual address.
# This output file may be truncated or incomplete.
#
#  Out of Memory Error (allocation.cpp:44), pid=8688, tid=13548
#
# JRE version: OpenJDK Runtime Environment Temurin-17.0.11+9 (17.0.11+9) (build 17.0.11+9)
# Java VM: OpenJDK 64-Bit Server VM Temurin-17.0.11+9 (17.0.11+9, mixed mode, emulated-client, tiered, compressed oops, compressed class ptrs, g1 gc, windows-amd64)
# No core dump will be written. Minidumps are not enabled by default on client versions of Windows
#

---------------  S U M M A R Y ------------

Command Line: -Xmx1024m -Dsts.lsp.client=vscode -Dsts.log.file=/dev/null -XX:TieredStopAtLevel=1 -Xlog:jni+resolve=off -Dspring.config.location=file:c:\Users\mulya\.vscode\extensions\vmware.vscode-spring-boot-1.55.1\language-server\BOOT-INF\classes\application.properties org.springframework.ide.vscode.boot.app.BootLanguageServerBootApp

Host: 11th Gen Intel(R) Core(TM) i3-1115G4 @ 3.00GHz, 4 cores, 7G,  Windows 11 , 64 bit Build 22621 (10.0.22621.3672)
Time: Tue Jul 23 16:22:06 2024 SE Asia Standard Time elapsed time: 9227.766792 seconds (0d 2h 33m 47s)

---------------  T H R E A D  ---------------

Current thread (0x0000015f9a551300):  VMThread "VM Thread" [stack: 0x000000287b900000,0x000000287ba00000] [id=13548]

Stack: [0x000000287b900000,0x000000287ba00000]
Native frames: (J=compiled Java code, j=interpreted, Vv=VM code, C=native code)
V  [jvm.dll+0x67d429]
V  [jvm.dll+0x834b7a]
V  [jvm.dll+0x83663e]
V  [jvm.dll+0x836ca3]
V  [jvm.dll+0x247dbf]
V  [jvm.dll+0xa6cb3]
V  [jvm.dll+0x2f8b61]
V  [jvm.dll+0x2f4750]
V  [jvm.dll+0x2dcf67]
V  [jvm.dll+0x31fb67]
V  [jvm.dll+0x83b19b]
V  [jvm.dll+0x83bed2]
V  [jvm.dll+0x83c3ed]
V  [jvm.dll+0x83c7c4]
V  [jvm.dll+0x83c890]
V  [jvm.dll+0x7e410a]
V  [jvm.dll+0x67c315]
C  [ucrtbase.dll+0x29333]
C  [KERNEL32.DLL+0x1257d]
C  [ntdll.dll+0x5af28]

VM_Operation (0x000000287cafebb0): G1CollectFull, mode: safepoint, requested by thread 0x0000015f9fc54f70


---------------  P R O C E S S  ---------------

Threads class SMR info:
_java_thread_list=0x0000015fa049ad20, length=23, elements={
0x0000015f9a523c70, 0x0000015f9a574620, 0x0000015f9a6ba5c0, 0x0000015f9a6bb090,
0x0000015f9a6bdb60, 0x0000015f9a6be520, 0x0000015f9a6bef90, 0x0000015f9a6bf990,
0x0000015f9a8d6170, 0x0000015f9a8dffa0, 0x0000015f9f82b020, 0x0000015f9fc54f70,
0x0000015f9f82f7d0, 0x0000015f8ffe7d90, 0x0000015f9fb00900, 0x0000015f9fe65e50,
0x0000015f9fb48820, 0x0000015fa04294d0, 0x0000015fa04285a0, 0x0000015fa04299e0,
0x0000015fa0427b80, 0x0000015fa0426230, 0x0000015fa0428fc0
}

Java Threads: ( => current thread )
  0x0000015f9a523c70 JavaThread "Reference Handler" daemon [_thread_blocked, id=33864, stack(0x000000287ba00000,0x000000287bb00000)]
  0x0000015f9a574620 JavaThread "Finalizer" daemon [_thread_blocked, id=27652, stack(0x000000287bb00000,0x000000287bc00000)]
  0x0000015f9a6ba5c0 JavaThread "Signal Dispatcher" daemon [_thread_blocked, id=31360, stack(0x000000287bc00000,0x000000287bd00000)]
  0x0000015f9a6bb090 JavaThread "Attach Listener" daemon [_thread_blocked, id=17140, stack(0x000000287bd00000,0x000000287be00000)]
  0x0000015f9a6bdb60 JavaThread "Service Thread" daemon [_thread_blocked, id=33172, stack(0x000000287be00000,0x000000287bf00000)]
  0x0000015f9a6be520 JavaThread "Monitor Deflation Thread" daemon [_thread_blocked, id=30216, stack(0x000000287bf00000,0x000000287c000000)]
  0x0000015f9a6bef90 JavaThread "C1 CompilerThread0" daemon [_thread_blocked, id=32016, stack(0x000000287c000000,0x000000287c100000)]
  0x0000015f9a6bf990 JavaThread "Sweeper thread" daemon [_thread_blocked, id=33156, stack(0x000000287c100000,0x000000287c200000)]
  0x0000015f9a8d6170 JavaThread "Notification Thread" daemon [_thread_blocked, id=22732, stack(0x000000287c300000,0x000000287c400000)]
  0x0000015f9a8dffa0 JavaThread "Common-Cleaner" daemon [_thread_blocked, id=16272, stack(0x000000287c500000,0x000000287c600000)]
  0x0000015f9f82b020 JavaThread "boundedElastic-evictor-1" daemon [_thread_blocked, id=8176, stack(0x000000287c900000,0x000000287ca00000)]
  0x0000015f9fc54f70 JavaThread "pool-13-thread-1" [_thread_blocked, id=28404, stack(0x000000287ca00000,0x000000287cb00000)]
  0x0000015f9f82f7d0 JavaThread "LanguageServerApp-lifecycle" [_thread_blocked, id=8408, stack(0x000000287cb00000,0x000000287cc00000)]
  0x0000015f8ffe7d90 JavaThread "DestroyJavaVM" [_thread_blocked, id=2000, stack(0x000000287b300000,0x000000287b400000)]
  0x0000015f9fb00900 JavaThread "pool-14-thread-1" [_thread_in_native, id=8400, stack(0x000000287cc00000,0x000000287cd00000)]
  0x0000015f9fe65e50 JavaThread "Simple-Language-Server main thread" daemon [_thread_blocked, id=5156, stack(0x000000287cd00000,0x000000287ce00000)]
  0x0000015f9fb48820 JavaThread "pool-8-thread-1" [_thread_blocked, id=5484, stack(0x000000287ce00000,0x000000287cf00000)]
  0x0000015fa04294d0 JavaThread "parallel-1" daemon [_thread_blocked, id=2328, stack(0x000000287cf00000,0x000000287d000000)]
  0x0000015fa04285a0 JavaThread "parallel-2" daemon [_thread_blocked, id=28356, stack(0x000000287d000000,0x000000287d100000)]
  0x0000015fa04299e0 JavaThread "parallel-3" daemon [_thread_blocked, id=28968, stack(0x000000287d100000,0x000000287d200000)]
  0x0000015fa0427b80 JavaThread "parallel-4" daemon [_thread_blocked, id=33148, stack(0x000000287d200000,0x000000287d300000)]
  0x0000015fa0426230 JavaThread "pool-6-thread-1" [_thread_blocked, id=34812, stack(0x000000287d300000,0x000000287d400000)]
  0x0000015fa0428fc0 JavaThread "Reconciler-1" daemon [_thread_blocked, id=2456, stack(0x000000287d800000,0x000000287d900000)]

Other Threads:
=>0x0000015f9a551300 VMThread "VM Thread" [stack: 0x000000287b900000,0x000000287ba00000] [id=13548]
  0x0000015f9a8d6650 WatcherThread [stack: 0x000000287c400000,0x000000287c500000] [id=28072]
  0x0000015f900254a0 GCTaskThread "GC Thread#0" [stack: 0x000000287b400000,0x000000287b500000] [id=30624]
  0x0000015f9f4f13d0 GCTaskThread "GC Thread#1" [stack: 0x000000287c600000,0x000000287c700000] [id=32640]
  0x0000015f9f4f1690 GCTaskThread "GC Thread#2" [stack: 0x000000287c700000,0x000000287c800000] [id=20096]
  0x0000015f9f895ee0 GCTaskThread "GC Thread#3" [stack: 0x000000287c800000,0x000000287c900000] [id=20488]
  0x0000015f9002e3f0 ConcurrentGCThread "G1 Main Marker" [stack: 0x000000287b500000,0x000000287b600000] [id=30728]
  0x0000015f900305c0 ConcurrentGCThread "G1 Conc#0" [stack: 0x000000287b600000,0x000000287b700000] [id=20492]
  0x0000015f9a3d20b0 ConcurrentGCThread "G1 Refine#0" [stack: 0x000000287b700000,0x000000287b800000] [id=19080]
  0x0000015f9a3d2ae0 ConcurrentGCThread "G1 Service" [stack: 0x000000287b800000,0x000000287b900000] [id=31784]

Threads with active compile tasks:

VM state: at safepoint (normal execution)

VM Mutex/Monitor currently owned by a thread:  ([mutex/lock_event])
[0x0000015f8dd83140] Threads_lock - owner thread: 0x0000015f9a551300
[0x0000015f8dd7edd0] Heap_lock - owner thread: 0x0000015f9fc54f70

Heap address: 0x00000000c0000000, size: 1024 MB, Compressed Oops mode: 32-bit

CDS archive(s) not mapped
Compressed class space mapped at: 0x0000000100000000-0x0000000140000000, reserved size: 1073741824
Narrow klass base: 0x0000000000000000, Narrow klass shift: 3, Narrow klass range: 0x140000000

GC Precious Log:
 CPUs: 4 total, 4 available
 Memory: 7971M
 Large Page Support: Disabled
 NUMA Support: Disabled
 Compressed Oops: Enabled (32-bit)
 Heap Region Size: 1M
 Heap Min Capacity: 8M
 Heap Initial Capacity: 126M
 Heap Max Capacity: 1G
 Pre-touch: Disabled
 Parallel Workers: 4
 Concurrent Workers: 1
 Concurrent Refinement Workers: 4
 Periodic GC: Disabled

Heap:
 garbage-first heap   total 75776K, used 24810K [0x00000000c0000000, 0x0000000100000000)
  region size 1024K, 1 young (1024K), 0 survivors (0K)
 Metaspace       used 39397K, committed 39872K, reserved 1114112K
  class space    used 5212K, committed 5440K, reserved 1048576K

Heap Regions: E=young(eden), S=young(survivor), O=old, HS=humongous(starts), HC=humongous(continues), CS=collection set, F=free, OA=open archive, CA=closed archive, TAMS=top-at-mark-start (previous, next)
|   0|0x00000000c0000000, 0x00000000c0100000, 0x00000000c0100000|100%|HS|  |TAMS 0x00000000c0100000, 0x00000000c0000000| Untracked 
|   1|0x00000000c0100000, 0x00000000c0200000, 0x00000000c0200000|100%|HC|  |TAMS 0x00000000c0200000, 0x00000000c0100000| Untracked 
|   2|0x00000000c0200000, 0x00000000c0300000, 0x00000000c0300000|100%|HC|  |TAMS 0x00000000c0300000, 0x00000000c0200000| Untracked 
|   3|0x00000000c0300000, 0x00000000c0400000, 0x00000000c0400000|100%|HC|  |TAMS 0x00000000c0400000, 0x00000000c0300000| Untracked 
|   4|0x00000000c0400000, 0x00000000c04f6560, 0x00000000c0500000| 96%| O|  |TAMS 0x00000000c04f6560, 0x00000000c0400000| Untracked 
|   5|0x00000000c0500000, 0x00000000c05ffff0, 0x00000000c0600000| 99%| O|  |TAMS 0x00000000c05ffff0, 0x00000000c0500000| Untracked 
|   6|0x00000000c0600000, 0x00000000c06fffe0, 0x00000000c0700000| 99%| O|  |TAMS 0x00000000c06fffe0, 0x00000000c0600000| Untracked 
|   7|0x00000000c0700000, 0x00000000c0800000, 0x00000000c0800000|100%| O|  |TAMS 0x00000000c0800000, 0x00000000c0700000| Untracked 
|   8|0x00000000c0800000, 0x00000000c0900000, 0x00000000c0900000|100%| O|  |TAMS 0x00000000c0900000, 0x00000000c0800000| Untracked 
|   9|0x00000000c0900000, 0x00000000c0a00000, 0x00000000c0a00000|100%| O|  |TAMS 0x00000000c0a00000, 0x00000000c0900000| Untracked 
|  10|0x00000000c0a00000, 0x00000000c0b00000, 0x00000000c0b00000|100%|HS|  |TAMS 0x00000000c0b00000, 0x00000000c0a00000| Untracked 
|  11|0x00000000c0b00000, 0x00000000c0c00000, 0x00000000c0c00000|100%|HC|  |TAMS 0x00000000c0c00000, 0x00000000c0b00000| Untracked 
|  12|0x00000000c0c00000, 0x00000000c0cf7318, 0x00000000c0d00000| 96%| O|  |TAMS 0x00000000c0cf7318, 0x00000000c0c00000| Untracked 
|  13|0x00000000c0d00000, 0x00000000c0dfffd8, 0x00000000c0e00000| 99%| O|  |TAMS 0x00000000c0dfffd8, 0x00000000c0d00000| Untracked 
|  14|0x00000000c0e00000, 0x00000000c0f00000, 0x00000000c0f00000|100%| O|  |TAMS 0x00000000c0f00000, 0x00000000c0e00000| Untracked 
|  15|0x00000000c0f00000, 0x00000000c1000000, 0x00000000c1000000|100%| O|  |TAMS 0x00000000c1000000, 0x00000000c0f00000| Untracked 
|  16|0x00000000c1000000, 0x00000000c1100000, 0x00000000c1100000|100%| O|  |TAMS 0x00000000c1100000, 0x00000000c1000000| Untracked 
|  17|0x00000000c1100000, 0x00000000c11fffb8, 0x00000000c1200000| 99%| O|  |TAMS 0x00000000c11fffb8, 0x00000000c1100000| Untracked 
|  18|0x00000000c1200000, 0x00000000c12fff10, 0x00000000c1300000| 99%| O|  |TAMS 0x00000000c12fff10, 0x00000000c1200000| Untracked 
|  19|0x00000000c1300000, 0x00000000c13ffff8, 0x00000000c1400000| 99%| O|  |TAMS 0x00000000c13ffff8, 0x00000000c1300000| Untracked 
|  20|0x00000000c1400000, 0x00000000c14ffff8, 0x00000000c1500000| 99%| O|  |TAMS 0x00000000c14ffff8, 0x00000000c1400000| Untracked 
|  21|0x00000000c1500000, 0x00000000c15fffe8, 0x00000000c1600000| 99%| O|  |TAMS 0x00000000c15fffe8, 0x00000000c1500000| Untracked 
|  22|0x00000000c1600000, 0x00000000c16ffff0, 0x00000000c1700000| 99%| O|  |TAMS 0x00000000c16ffff0, 0x00000000c1600000| Untracked 
|  23|0x00000000c1700000, 0x00000000c17fffe0, 0x00000000c1800000| 99%| O|  |TAMS 0x00000000c17fffe0, 0x00000000c1700000| Untracked 
|  24|0x00000000c1800000, 0x00000000c184d370, 0x00000000c1900000| 30%| O|  |TAMS 0x00000000c1800000, 0x00000000c1800000| Untracked 
|  25|0x00000000c1900000, 0x00000000c1900068, 0x00000000c1a00000|  0%| O|  |TAMS 0x00000000c1900000, 0x00000000c1900000| Untracked 
|  26|0x00000000c1a00000, 0x00000000c1a00000, 0x00000000c1b00000|  0%| F|  |TAMS 0x00000000c1a00000, 0x00000000c1a00000| Untracked 
|  27|0x00000000c1b00000, 0x00000000c1b00000, 0x00000000c1c00000|  0%| F|  |TAMS 0x00000000c1b00000, 0x00000000c1b00000| Untracked 
|  28|0x00000000c1c00000, 0x00000000c1c00000, 0x00000000c1d00000|  0%| F|  |TAMS 0x00000000c1c00000, 0x00000000c1c00000| Untracked 
|  29|0x00000000c1d00000, 0x00000000c1d00000, 0x00000000c1e00000|  0%| F|  |TAMS 0x00000000c1d00000, 0x00000000c1d00000| Untracked 
|  30|0x00000000c1e00000, 0x00000000c1e00000, 0x00000000c1f00000|  0%| F|  |TAMS 0x00000000c1e00000, 0x00000000c1e00000| Untracked 
|  31|0x00000000c1f00000, 0x00000000c1f00000, 0x00000000c2000000|  0%| F|  |TAMS 0x00000000c1f00000, 0x00000000c1f00000| Untracked 
|  32|0x00000000c2000000, 0x00000000c2000000, 0x00000000c2100000|  0%| F|  |TAMS 0x00000000c2000000, 0x00000000c2000000| Untracked 
|  33|0x00000000c2100000, 0x00000000c2100000, 0x00000000c2200000|  0%| F|  |TAMS 0x00000000c2100000, 0x00000000c2100000| Untracked 
|  34|0x00000000c2200000, 0x00000000c2200000, 0x00000000c2300000|  0%| F|  |TAMS 0x00000000c2200000, 0x00000000c2200000| Untracked 
|  35|0x00000000c2300000, 0x00000000c2300000, 0x00000000c2400000|  0%| F|  |TAMS 0x00000000c2300000, 0x00000000c2300000| Untracked 
|  36|0x00000000c2400000, 0x00000000c2400000, 0x00000000c2500000|  0%| F|  |TAMS 0x00000000c2400000, 0x00000000c2400000| Untracked 
|  37|0x00000000c2500000, 0x00000000c2500000, 0x00000000c2600000|  0%| F|  |TAMS 0x00000000c2500000, 0x00000000c2500000| Untracked 
|  38|0x00000000c2600000, 0x00000000c2600000, 0x00000000c2700000|  0%| F|  |TAMS 0x00000000c2600000, 0x00000000c2600000| Untracked 
|  39|0x00000000c2700000, 0x00000000c2700000, 0x00000000c2800000|  0%| F|  |TAMS 0x00000000c2700000, 0x00000000c2700000| Untracked 
|  40|0x00000000c2800000, 0x00000000c2800000, 0x00000000c2900000|  0%| F|  |TAMS 0x00000000c2800000, 0x00000000c2800000| Untracked 
|  41|0x00000000c2900000, 0x00000000c2900000, 0x00000000c2a00000|  0%| F|  |TAMS 0x00000000c2900000, 0x00000000c2900000| Untracked 
|  42|0x00000000c2a00000, 0x00000000c2a00000, 0x00000000c2b00000|  0%| F|  |TAMS 0x00000000c2a00000, 0x00000000c2a00000| Untracked 
|  43|0x00000000c2b00000, 0x00000000c2b00000, 0x00000000c2c00000|  0%| F|  |TAMS 0x00000000c2b00000, 0x00000000c2b00000| Untracked 
|  44|0x00000000c2c00000, 0x00000000c2c00000, 0x00000000c2d00000|  0%| F|  |TAMS 0x00000000c2c00000, 0x00000000c2c00000| Untracked 
|  45|0x00000000c2d00000, 0x00000000c2d00000, 0x00000000c2e00000|  0%| F|  |TAMS 0x00000000c2d00000, 0x00000000c2d00000| Untracked 
|  46|0x00000000c2e00000, 0x00000000c2e00000, 0x00000000c2f00000|  0%| F|  |TAMS 0x00000000c2e00000, 0x00000000c2e00000| Untracked 
|  47|0x00000000c2f00000, 0x00000000c2f00000, 0x00000000c3000000|  0%| F|  |TAMS 0x00000000c2f00000, 0x00000000c2f00000| Untracked 
|  48|0x00000000c3000000, 0x00000000c3000000, 0x00000000c3100000|  0%| F|  |TAMS 0x00000000c3000000, 0x00000000c3000000| Untracked 
|  49|0x00000000c3100000, 0x00000000c3100000, 0x00000000c3200000|  0%| F|  |TAMS 0x00000000c3100000, 0x00000000c3100000| Untracked 
|  50|0x00000000c3200000, 0x00000000c3200000, 0x00000000c3300000|  0%| F|  |TAMS 0x00000000c3200000, 0x00000000c3200000| Untracked 
|  51|0x00000000c3300000, 0x00000000c3300000, 0x00000000c3400000|  0%| F|  |TAMS 0x00000000c3300000, 0x00000000c3300000| Untracked 
|  52|0x00000000c3400000, 0x00000000c3400000, 0x00000000c3500000|  0%| F|  |TAMS 0x00000000c3400000, 0x00000000c3400000| Untracked 
|  53|0x00000000c3500000, 0x00000000c3500000, 0x00000000c3600000|  0%| F|  |TAMS 0x00000000c3500000, 0x00000000c3500000| Untracked 
|  54|0x00000000c3600000, 0x00000000c3600000, 0x00000000c3700000|  0%| F|  |TAMS 0x00000000c3600000, 0x00000000c3600000| Untracked 
|  55|0x00000000c3700000, 0x00000000c3700000, 0x00000000c3800000|  0%| F|  |TAMS 0x00000000c3700000, 0x00000000c3700000| Untracked 
|  56|0x00000000c3800000, 0x00000000c3800000, 0x00000000c3900000|  0%| F|  |TAMS 0x00000000c3800000, 0x00000000c3800000| Untracked 
|  57|0x00000000c3900000, 0x00000000c3900000, 0x00000000c3a00000|  0%| F|  |TAMS 0x00000000c3900000, 0x00000000c3900000| Untracked 
|  58|0x00000000c3a00000, 0x00000000c3a00000, 0x00000000c3b00000|  0%| F|  |TAMS 0x00000000c3a00000, 0x00000000c3a00000| Untracked 
|  59|0x00000000c3b00000, 0x00000000c3b00000, 0x00000000c3c00000|  0%| F|  |TAMS 0x00000000c3b00000, 0x00000000c3b00000| Untracked 
|  60|0x00000000c3c00000, 0x00000000c3c00000, 0x00000000c3d00000|  0%| F|  |TAMS 0x00000000c3c00000, 0x00000000c3c00000| Untracked 
|  61|0x00000000c3d00000, 0x00000000c3d00000, 0x00000000c3e00000|  0%| F|  |TAMS 0x00000000c3d00000, 0x00000000c3d00000| Untracked 
|  62|0x00000000c3e00000, 0x00000000c3e00000, 0x00000000c3f00000|  0%| F|  |TAMS 0x00000000c3e00000, 0x00000000c3e00000| Untracked 
|  63|0x00000000c3f00000, 0x00000000c3f00000, 0x00000000c4000000|  0%| F|  |TAMS 0x00000000c3f00000, 0x00000000c3f00000| Untracked 
|  64|0x00000000c4000000, 0x00000000c4000000, 0x00000000c4100000|  0%| F|  |TAMS 0x00000000c4000000, 0x00000000c4000000| Untracked 
|  65|0x00000000c4100000, 0x00000000c4100000, 0x00000000c4200000|  0%| F|  |TAMS 0x00000000c4100000, 0x00000000c4100000| Untracked 
|  66|0x00000000c4200000, 0x00000000c4200000, 0x00000000c4300000|  0%| F|  |TAMS 0x00000000c4200000, 0x00000000c4200000| Untracked 
|  67|0x00000000c4300000, 0x00000000c4300000, 0x00000000c4400000|  0%| F|  |TAMS 0x00000000c4300000, 0x00000000c4300000| Untracked 
|  79|0x00000000c4f00000, 0x00000000c4f00000, 0x00000000c5000000|  0%| F|  |TAMS 0x00000000c4f00000, 0x00000000c4f00000| Untracked 
|  80|0x00000000c5000000, 0x00000000c5000000, 0x00000000c5100000|  0%| F|  |TAMS 0x00000000c5000000, 0x00000000c5000000| Untracked 
|  81|0x00000000c5100000, 0x00000000c5100000, 0x00000000c5200000|  0%| F|  |TAMS 0x00000000c5100000, 0x00000000c5100000| Untracked 
|  82|0x00000000c5200000, 0x00000000c5200000, 0x00000000c5300000|  0%| F|  |TAMS 0x00000000c5200000, 0x00000000c5200000| Untracked 
|  83|0x00000000c5300000, 0x00000000c5300000, 0x00000000c5400000|  0%| F|  |TAMS 0x00000000c5300000, 0x00000000c5300000| Untracked 
| 125|0x00000000c7d00000, 0x00000000c7d2fcc8, 0x00000000c7e00000| 18%| E|  |TAMS 0x00000000c7d00000, 0x00000000c7d00000| Complete 

Card table byte_map: [0x0000015f95c70000,0x0000015f95e70000] _byte_map_base: 0x0000015f95670000

Marking Bits (Prev, Next): (CMBitMap*) 0x0000015f90025ac0, (CMBitMap*) 0x0000015f90025b00
 Prev Bits: [0x0000015f96070000, 0x0000015f97070000)
 Next Bits: [0x0000015f97070000, 0x0000015f98070000)

Polling page: 0x0000015f8df50000

Metaspace:

Usage:
  Non-class:     33.38 MB used.
      Class:      5.09 MB used.
       Both:     38.47 MB used.

Virtual space:
  Non-class space:       64.00 MB reserved,      33.62 MB ( 53%) committed,  1 nodes.
      Class space:        1.00 GB reserved,       5.31 MB ( <1%) committed,  1 nodes.
             Both:        1.06 GB reserved,      38.94 MB (  4%) committed. 

Chunk freelists:
   Non-Class:  14.17 MB
       Class:  10.72 MB
        Both:  24.88 MB

MaxMetaspaceSize: unlimited
CompressedClassSpaceSize: 1.00 GB
Initial GC threshold: 21.00 MB
Current GC threshold: 64.94 MB
CDS: off
MetaspaceReclaimPolicy: balanced
 - commit_granule_bytes: 65536.
 - commit_granule_words: 8192.
 - virtual_space_node_default_size: 8388608.
 - enlarge_chunks_in_place: 1.
 - new_chunks_are_fully_committed: 0.
 - uncommit_free_chunks: 1.
 - use_allocation_guard: 0.
 - handle_deallocations: 1.


Internal statistics:

num_allocs_failed_limit: 8.
num_arena_births: 524.
num_arena_deaths: 158.
num_vsnodes_births: 2.
num_vsnodes_deaths: 0.
num_space_committed: 623.
num_space_uncommitted: 0.
num_chunks_returned_to_freelist: 179.
num_chunks_taken_from_freelist: 1714.
num_chunk_merges: 51.
num_chunk_splits: 1160.
num_chunks_enlarged: 894.
num_inconsistent_stats: 0.

CodeCache: size=49152Kb used=7167Kb max_used=7362Kb free=41984Kb
 bounds [0x0000015f92c70000, 0x0000015f933b0000, 0x0000015f95c70000]
 total_blobs=4419 nmethods=3873 adapters=473
 compilation: enabled
              stopped_count=0, restarted_count=0
 full_count=0

Compilation events (20 events):
Event: 8026.904 Thread 0x0000015f9a6bef90 3868       1       com.google.gson.stream.JsonReader::isLenient (5 bytes)
Event: 8026.904 Thread 0x0000015f9a6bef90 nmethod 3868 0x0000015f92dc3a10 code [0x0000015f92dc3ba0, 0x0000015f92dc3c78]
Event: 8026.904 Thread 0x0000015f9a6bef90 3869       1       jdk.internal.reflect.ClassFileAssembler::getLength (11 bytes)
Event: 8026.905 Thread 0x0000015f9a6bef90 nmethod 3869 0x0000015f92dc3690 code [0x0000015f92dc3820, 0x0000015f92dc3938]
Event: 8027.243 Thread 0x0000015f9a6bef90 3870       1       java.net.URI$Parser::scan (53 bytes)
Event: 8027.245 Thread 0x0000015f9a6bef90 nmethod 3870 0x0000015f92dc2d90 code [0x0000015f92dc2f80, 0x0000015f92dc3358]
Event: 8029.765 Thread 0x0000015f9a6bef90 3871       1       java.util.concurrent.CompletableFuture::<init> (5 bytes)
Event: 8029.765 Thread 0x0000015f9a6bef90 nmethod 3871 0x0000015f92dc2a90 code [0x0000015f92dc2c20, 0x0000015f92dc2cd8]
Event: 8029.770 Thread 0x0000015f9a6bef90 3872       1       java.io.File::isDirectory (34 bytes)
Event: 8029.778 Thread 0x0000015f9a6bef90 nmethod 3872 0x0000015f92dc2410 code [0x0000015f92dc25e0, 0x0000015f92dc28a8]
Event: 8031.936 Thread 0x0000015f9a6bef90 3873       1       java.nio.charset.Charset::name (5 bytes)
Event: 8031.936 Thread 0x0000015f9a6bef90 nmethod 3873 0x0000015f92dc2110 code [0x0000015f92dc22a0, 0x0000015f92dc2378]
Event: 8031.939 Thread 0x0000015f9a6bef90 3874       1       com.google.gson.stream.JsonWriter::getSerializeNulls (5 bytes)
Event: 8031.939 Thread 0x0000015f9a6bef90 nmethod 3874 0x0000015f92dc1e10 code [0x0000015f92dc1fa0, 0x0000015f92dc2078]
Event: 8171.626 Thread 0x0000015f9a6bef90 3875       1       com.google.gson.stream.JsonWriter::isLenient (5 bytes)
Event: 8171.627 Thread 0x0000015f9a6bef90 nmethod 3875 0x0000015f92dc1b10 code [0x0000015f92dc1ca0, 0x0000015f92dc1d78]
Event: 8171.627 Thread 0x0000015f9a6bef90 3876       1       com.google.gson.stream.JsonWriter::isHtmlSafe (5 bytes)
Event: 8171.627 Thread 0x0000015f9a6bef90 nmethod 3876 0x0000015f92dc1810 code [0x0000015f92dc19a0, 0x0000015f92dc1a78]
Event: 8171.815 Thread 0x0000015f9a6bef90 3877       1       java.lang.ThreadLocal$ThreadLocalMap::cleanSomeSlots (61 bytes)
Event: 8171.821 Thread 0x0000015f9a6bef90 nmethod 3877 0x0000015f92dc1310 code [0x0000015f92dc14c0, 0x0000015f92dc1698]

GC Heap History (20 events):
Event: 9123.619 GC heap before
{Heap before GC invocations=629 (full 620):
 garbage-first heap   total 75776K, used 24810K [0x00000000c0000000, 0x0000000100000000)
  region size 1024K, 1 young (1024K), 0 survivors (0K)
 Metaspace       used 39397K, committed 39872K, reserved 1114112K
  class space    used 5212K, committed 5440K, reserved 1048576K
}
Event: 9123.645 GC heap after
{Heap after GC invocations=630 (full 621):
 garbage-first heap   total 75776K, used 24810K [0x00000000c0000000, 0x0000000100000000)
  region size 1024K, 0 young (0K), 0 survivors (0K)
 Metaspace       used 39397K, committed 39872K, reserved 1114112K
  class space    used 5212K, committed 5440K, reserved 1048576K
}
Event: 9133.824 GC heap before
{Heap before GC invocations=630 (full 621):
 garbage-first heap   total 75776K, used 24810K [0x00000000c0000000, 0x0000000100000000)
  region size 1024K, 1 young (1024K), 0 survivors (0K)
 Metaspace       used 39397K, committed 39872K, reserved 1114112K
  class space    used 5212K, committed 5440K, reserved 1048576K
}
Event: 9133.848 GC heap after
{Heap after GC invocations=631 (full 622):
 garbage-first heap   total 75776K, used 24810K [0x00000000c0000000, 0x0000000100000000)
  region size 1024K, 0 young (0K), 0 survivors (0K)
 Metaspace       used 39397K, committed 39872K, reserved 1114112K
  class space    used 5212K, committed 5440K, reserved 1048576K
}
Event: 9144.093 GC heap before
{Heap before GC invocations=631 (full 622):
 garbage-first heap   total 75776K, used 24810K [0x00000000c0000000, 0x0000000100000000)
  region size 1024K, 1 young (1024K), 0 survivors (0K)
 Metaspace       used 39397K, committed 39872K, reserved 1114112K
  class space    used 5212K, committed 5440K, reserved 1048576K
}
Event: 9144.117 GC heap after
{Heap after GC invocations=632 (full 623):
 garbage-first heap   total 75776K, used 24810K [0x00000000c0000000, 0x0000000100000000)
  region size 1024K, 0 young (0K), 0 survivors (0K)
 Metaspace       used 39397K, committed 39872K, reserved 1114112K
  class space    used 5212K, committed 5440K, reserved 1048576K
}
Event: 9154.296 GC heap before
{Heap before GC invocations=632 (full 623):
 garbage-first heap   total 75776K, used 24810K [0x00000000c0000000, 0x0000000100000000)
  region size 1024K, 1 young (1024K), 0 survivors (0K)
 Metaspace       used 39397K, committed 39872K, reserved 1114112K
  class space    used 5212K, committed 5440K, reserved 1048576K
}
Event: 9154.320 GC heap after
{Heap after GC invocations=633 (full 624):
 garbage-first heap   total 75776K, used 24810K [0x00000000c0000000, 0x0000000100000000)
  region size 1024K, 0 young (0K), 0 survivors (0K)
 Metaspace       used 39397K, committed 39872K, reserved 1114112K
  class space    used 5212K, committed 5440K, reserved 1048576K
}
Event: 9164.610 GC heap before
{Heap before GC invocations=633 (full 624):
 garbage-first heap   total 75776K, used 24810K [0x00000000c0000000, 0x0000000100000000)
  region size 1024K, 1 young (1024K), 0 survivors (0K)
 Metaspace       used 39397K, committed 39872K, reserved 1114112K
  class space    used 5212K, committed 5440K, reserved 1048576K
}
Event: 9164.635 GC heap after
{Heap after GC invocations=634 (full 625):
 garbage-first heap   total 75776K, used 24810K [0x00000000c0000000, 0x0000000100000000)
  region size 1024K, 0 young (0K), 0 survivors (0K)
 Metaspace       used 39397K, committed 39872K, reserved 1114112K
  class space    used 5212K, committed 5440K, reserved 1048576K
}
Event: 9174.813 GC heap before
{Heap before GC invocations=634 (full 625):
 garbage-first heap   total 75776K, used 24810K [0x00000000c0000000, 0x0000000100000000)
  region size 1024K, 1 young (1024K), 0 survivors (0K)
 Metaspace       used 39397K, committed 39872K, reserved 1114112K
  class space    used 5212K, committed 5440K, reserved 1048576K
}
Event: 9174.839 GC heap after
{Heap after GC invocations=635 (full 626):
 garbage-first heap   total 75776K, used 24810K [0x00000000c0000000, 0x0000000100000000)
  region size 1024K, 0 young (0K), 0 survivors (0K)
 Metaspace       used 39397K, committed 39872K, reserved 1114112K
  class space    used 5212K, committed 5440K, reserved 1048576K
}
Event: 9185.071 GC heap before
{Heap before GC invocations=635 (full 626):
 garbage-first heap   total 75776K, used 24810K [0x00000000c0000000, 0x0000000100000000)
  region size 1024K, 1 young (1024K), 0 survivors (0K)
 Metaspace       used 39397K, committed 39872K, reserved 1114112K
  class space    used 5212K, committed 5440K, reserved 1048576K
}
Event: 9185.095 GC heap after
{Heap after GC invocations=636 (full 627):
 garbage-first heap   total 75776K, used 24810K [0x00000000c0000000, 0x0000000100000000)
  region size 1024K, 0 young (0K), 0 survivors (0K)
 Metaspace       used 39397K, committed 39872K, reserved 1114112K
  class space    used 5212K, committed 5440K, reserved 1048576K
}
Event: 9196.535 GC heap before
{Heap before GC invocations=636 (full 627):
 garbage-first heap   total 75776K, used 24810K [0x00000000c0000000, 0x0000000100000000)
  region size 1024K, 1 young (1024K), 0 survivors (0K)
 Metaspace       used 39397K, committed 39872K, reserved 1114112K
  class space    used 5212K, committed 5440K, reserved 1048576K
}
Event: 9196.563 GC heap after
{Heap after GC invocations=637 (full 628):
 garbage-first heap   total 75776K, used 24810K [0x00000000c0000000, 0x0000000100000000)
  region size 1024K, 0 young (0K), 0 survivors (0K)
 Metaspace       used 39397K, committed 39872K, reserved 1114112K
  class space    used 5212K, committed 5440K, reserved 1048576K
}
Event: 9206.771 GC heap before
{Heap before GC invocations=637 (full 628):
 garbage-first heap   total 75776K, used 24810K [0x00000000c0000000, 0x0000000100000000)
  region size 1024K, 1 young (1024K), 0 survivors (0K)
 Metaspace       used 39397K, committed 39872K, reserved 1114112K
  class space    used 5212K, committed 5440K, reserved 1048576K
}
Event: 9206.797 GC heap after
{Heap after GC invocations=638 (full 629):
 garbage-first heap   total 75776K, used 24810K [0x00000000c0000000, 0x0000000100000000)
  region size 1024K, 0 young (0K), 0 survivors (0K)
 Metaspace       used 39397K, committed 39872K, reserved 1114112K
  class space    used 5212K, committed 5440K, reserved 1048576K
}
Event: 9217.050 GC heap before
{Heap before GC invocations=638 (full 629):
 garbage-first heap   total 75776K, used 24810K [0x00000000c0000000, 0x0000000100000000)
  region size 1024K, 1 young (1024K), 0 survivors (0K)
 Metaspace       used 39397K, committed 39872K, reserved 1114112K
  class space    used 5212K, committed 5440K, reserved 1048576K
}
Event: 9217.080 GC heap after
{Heap after GC invocations=639 (full 630):
 garbage-first heap   total 75776K, used 24810K [0x00000000c0000000, 0x0000000100000000)
  region size 1024K, 0 young (0K), 0 survivors (0K)
 Metaspace       used 39397K, committed 39872K, reserved 1114112K
  class space    used 5212K, committed 5440K, reserved 1048576K
}

Dll operation events (8 events):
Event: 0.017 Loaded shared library c:\Users\mulya\.vscode\extensions\redhat.java-1.32.0-win32-x64\jre\17.0.11-win32-x86_64\bin\java.dll
Event: 0.410 Loaded shared library C:\Users\mulya\.vscode\extensions\redhat.java-1.32.0-win32-x64\jre\17.0.11-win32-x86_64\bin\net.dll
Event: 0.414 Loaded shared library C:\Users\mulya\.vscode\extensions\redhat.java-1.32.0-win32-x64\jre\17.0.11-win32-x86_64\bin\nio.dll
Event: 0.427 Loaded shared library C:\Users\mulya\.vscode\extensions\redhat.java-1.32.0-win32-x64\jre\17.0.11-win32-x86_64\bin\zip.dll
Event: 2.256 Loaded shared library C:\Users\mulya\.vscode\extensions\redhat.java-1.32.0-win32-x64\jre\17.0.11-win32-x86_64\bin\jimage.dll
Event: 7.086 Loaded shared library c:\Users\mulya\.vscode\extensions\redhat.java-1.32.0-win32-x64\jre\17.0.11-win32-x86_64\bin\verify.dll
Event: 18.444 Loaded shared library C:\Users\mulya\.vscode\extensions\redhat.java-1.32.0-win32-x64\jre\17.0.11-win32-x86_64\bin\management.dll
Event: 18.457 Loaded shared library C:\Users\mulya\.vscode\extensions\redhat.java-1.32.0-win32-x64\jre\17.0.11-win32-x86_64\bin\management_ext.dll

Deoptimization events (6 events):
Event: 19.063 Thread 0x0000015f9fb00900 DEOPT PACKING pc=0x0000015f93121001 sp=0x000000287ccfdfa0
Event: 19.063 Thread 0x0000015f9fb00900 DEOPT UNPACKING pc=0x0000015f92ccace3 sp=0x000000287ccfd430 mode 3
Event: 19.072 Thread 0x0000015f9fb48820 DEOPT PACKING pc=0x0000015f93103897 sp=0x000000287cefee10
Event: 19.072 Thread 0x0000015f9fb48820 DEOPT UNPACKING pc=0x0000015f92ccace3 sp=0x000000287cefe268 mode 3
Event: 1169.378 Thread 0x0000015f9fb00900 DEOPT PACKING pc=0x0000015f9327fd54 sp=0x000000287ccff180
Event: 1169.378 Thread 0x0000015f9fb00900 DEOPT UNPACKING pc=0x0000015f92ccace3 sp=0x000000287ccfe628 mode 0

Classes unloaded (20 events):
Event: 81.873 Thread 0x0000015f9a551300 Unloading class 0x0000000100095c00 'java/lang/invoke/LambdaForm$MH+0x0000000100095c00'
Event: 81.873 Thread 0x0000015f9a551300 Unloading class 0x0000000100095800 'java/lang/invoke/LambdaForm$MH+0x0000000100095800'
Event: 81.873 Thread 0x0000015f9a551300 Unloading class 0x0000000100095400 'java/lang/invoke/LambdaForm$MH+0x0000000100095400'
Event: 81.873 Thread 0x0000015f9a551300 Unloading class 0x0000000100095000 'java/lang/invoke/LambdaForm$MH+0x0000000100095000'
Event: 81.873 Thread 0x0000015f9a551300 Unloading class 0x0000000100094c00 'java/lang/invoke/LambdaForm$MH+0x0000000100094c00'
Event: 81.873 Thread 0x0000015f9a551300 Unloading class 0x0000000100094800 'java/lang/invoke/LambdaForm$MH+0x0000000100094800'
Event: 81.873 Thread 0x0000015f9a551300 Unloading class 0x0000000100094400 'java/lang/invoke/LambdaForm$MH+0x0000000100094400'
Event: 81.873 Thread 0x0000015f9a551300 Unloading class 0x000000010008e800 'java/lang/invoke/LambdaForm$MH+0x000000010008e800'
Event: 81.873 Thread 0x0000015f9a551300 Unloading class 0x000000010008e400 'java/lang/invoke/LambdaForm$MH+0x000000010008e400'
Event: 81.873 Thread 0x0000015f9a551300 Unloading class 0x000000010008e000 'java/lang/invoke/LambdaForm$MH+0x000000010008e000'
Event: 81.873 Thread 0x0000015f9a551300 Unloading class 0x000000010008dc00 'java/lang/invoke/LambdaForm$MH+0x000000010008dc00'
Event: 81.873 Thread 0x0000015f9a551300 Unloading class 0x000000010008d800 'java/lang/invoke/LambdaForm$MH+0x000000010008d800'
Event: 81.873 Thread 0x0000015f9a551300 Unloading class 0x000000010008d400 'java/lang/invoke/LambdaForm$MH+0x000000010008d400'
Event: 81.873 Thread 0x0000015f9a551300 Unloading class 0x000000010008cc00 'java/lang/invoke/LambdaForm$MH+0x000000010008cc00'
Event: 81.873 Thread 0x0000015f9a551300 Unloading class 0x000000010008c800 'java/lang/invoke/LambdaForm$MH+0x000000010008c800'
Event: 81.873 Thread 0x0000015f9a551300 Unloading class 0x000000010008c000 'java/lang/invoke/LambdaForm$MH+0x000000010008c000'
Event: 81.873 Thread 0x0000015f9a551300 Unloading class 0x000000010008bc00 'java/lang/invoke/LambdaForm$MH+0x000000010008bc00'
Event: 8080.194 Thread 0x0000015f9a551300 Unloading class 0x00000001003b2c00 'java/lang/invoke/LambdaForm$MH+0x00000001003b2c00'
Event: 8080.197 Thread 0x0000015f9a551300 Unloading class 0x00000001003bc800 'java/lang/invoke/LambdaForm$MH+0x00000001003bc800'
Event: 8080.197 Thread 0x0000015f9a551300 Unloading class 0x000000010048c400 'java/lang/invoke/LambdaForm$MH+0x000000010048c400'

Classes redefined (0 events):
No events

Internal exceptions (20 events):
Event: 12.094 Thread 0x0000015f8ffe7d90 Exception <a 'java/lang/NoSuchMethodError'{0x00000000c3d02b00}: 'java.lang.Object java.lang.invoke.DirectMethodHandle$Holder.invokeSpecial(java.lang.Object, java.lang.Object, int, java.lang.Object, java.lang.Object)'> (0x00000000c3d02b00) 
thrown [s\src\hotspot\share\interpreter\linkResolver.cpp, line 759]
Event: 12.094 Thread 0x0000015f8ffe7d90 Exception <a 'java/lang/NoSuchMethodError'{0x00000000c3d067a8}: 'java.lang.Object java.lang.invoke.DelegatingMethodHandle$Holder.delegate(java.lang.Object, int, java.lang.Object, java.lang.Object)'> (0x00000000c3d067a8) 
thrown [s\src\hotspot\share\interpreter\linkResolver.cpp, line 759]
Event: 12.095 Thread 0x0000015f8ffe7d90 Exception <a 'java/lang/NoSuchMethodError'{0x00000000c3d17630}: 'int java.lang.invoke.Invokers$Holder.linkToTargetMethod(java.lang.Object, java.lang.Object, java.lang.Object)'> (0x00000000c3d17630) 
thrown [s\src\hotspot\share\interpreter\linkResolver.cpp, line 759]
Event: 12.397 Thread 0x0000015f8ffe7d90 Exception <a 'java/lang/NoSuchMethodError'{0x00000000c39f42f0}: 'java.lang.Object java.lang.invoke.DirectMethodHandle$Holder.invokeStaticInit(java.lang.Object, int, int, int, int)'> (0x00000000c39f42f0) 
thrown [s\src\hotspot\share\interpreter\linkResolver.cpp, line 759]
Event: 12.680 Thread 0x0000015f8ffe7d90 Exception <a 'java/lang/NoSuchMethodError'{0x00000000c38dc608}: 'java.lang.Object java.lang.invoke.DirectMethodHandle$Holder.invokeStaticInit(java.lang.Object, java.lang.Object, int, int, int, int)'> (0x00000000c38dc608) 
thrown [s\src\hotspot\share\interpreter\linkResolver.cpp, line 759]
Event: 13.279 Thread 0x0000015f8ffe7d90 Exception <a 'java/lang/NoSuchMethodError'{0x00000000c7d6c970}: 'void java.lang.invoke.DirectMethodHandle$Holder.invokeSpecialIFC(java.lang.Object, java.lang.Object, java.lang.Object)'> (0x00000000c7d6c970) 
thrown [s\src\hotspot\share\interpreter\linkResolver.cpp, line 759]
Event: 16.928 Thread 0x0000015f8ffe7d90 Exception <a 'java/lang/NoSuchMethodError'{0x00000000c38fe188}: 'int java.lang.invoke.DirectMethodHandle$Holder.invokeStaticInit(java.lang.Object, java.lang.Object, int, java.lang.Object)'> (0x00000000c38fe188) 
thrown [s\src\hotspot\share\interpreter\linkResolver.cpp, line 759]
Event: 17.053 Thread 0x0000015f8ffe7d90 Exception <a 'java/lang/NoSuchMethodError'{0x00000000c3621920}: 'void java.lang.invoke.DirectMethodHandle$Holder.invokeSpecial(java.lang.Object, java.lang.Object, java.lang.Object, java.lang.Object, java.lang.Object, java.lang.Object, java.lang.Object)'> (0x00000000c3621920) 
thrown [s\src\hotspot\share\interpreter\linkResolver.cpp, line 759]
Event: 17.847 Thread 0x0000015f8ffe7d90 Exception <a 'java/lang/NoSuchMethodError'{0x00000000c314bd58}: 'java.lang.Object java.lang.invoke.DirectMethodHandle$Holder.invokeInterface(java.lang.Object, java.lang.Object, int)'> (0x00000000c314bd58) 
thrown [s\src\hotspot\share\interpreter\linkResolver.cpp, line 759]
Event: 17.856 Thread 0x0000015f8ffe7d90 Exception <a 'java/lang/IncompatibleClassChangeError'{0x00000000c3162ae0}: Found class java.lang.Object, but interface was expected> (0x00000000c3162ae0) 
thrown [s\src\hotspot\share\interpreter\linkResolver.cpp, line 826]
Event: 18.415 Thread 0x0000015f8ffe7d90 Exception <a 'java/lang/NoSuchMethodError'{0x00000000c4f03b20}: 'java.lang.Object java.lang.invoke.DirectMethodHandle$Holder.newInvokeSpecial(java.lang.Object, java.lang.Object, int, java.lang.Object, java.lang.Object)'> (0x00000000c4f03b20) 
thrown [s\src\hotspot\share\interpreter\linkResolver.cpp, line 759]
Event: 18.422 Thread 0x0000015f8ffe7d90 Exception <a 'java/lang/NoSuchMethodError'{0x00000000c4f17220}: 'java.lang.Object java.lang.invoke.DirectMethodHandle$Holder.invokeSpecial(java.lang.Object, java.lang.Object, int, java.lang.Object, int, java.lang.Object)'> (0x00000000c4f17220) 
thrown [s\src\hotspot\share\interpreter\linkResolver.cpp, line 759]
Event: 18.425 Thread 0x0000015f8ffe7d90 Exception <a 'java/lang/NoSuchMethodError'{0x00000000c4f1f028}: 'java.lang.Object java.lang.invoke.DirectMethodHandle$Holder.newInvokeSpecial(java.lang.Object, java.lang.Object, int, java.lang.Object, int)'> (0x00000000c4f1f028) 
thrown [s\src\hotspot\share\interpreter\linkResolver.cpp, line 759]
Event: 18.426 Thread 0x0000015f8ffe7d90 Exception <a 'java/lang/NoSuchMethodError'{0x00000000c4f23128}: 'java.lang.Object java.lang.invoke.DirectMethodHandle$Holder.invokeSpecial(java.lang.Object, java.lang.Object, java.lang.Object, int, java.lang.Object, int)'> (0x00000000c4f23128) 
thrown [s\src\hotspot\share\interpreter\linkResolver.cpp, line 759]
Event: 18.942 Thread 0x0000015f9fe65e50 Exception <a 'java/lang/NoSuchMethodError'{0x00000000c3907e98}: 'java.lang.Object java.lang.invoke.DirectMethodHandle$Holder.invokeStatic(java.lang.Object, int, java.lang.Object)'> (0x00000000c3907e98) 
thrown [s\src\hotspot\share\interpreter\linkResolver.cpp, line 759]
Event: 18.990 Thread 0x0000015f9fb00900 Exception <a 'java/lang/NoSuchMethodError'{0x00000000c3ad92c0}: 'java.lang.Object java.lang.invoke.DirectMethodHandle$Holder.invokeStatic(java.lang.Object, java.lang.Object, java.lang.Object, int, java.lang.Object, java.lang.Object)'> (0x00000000c3ad92c0) 
thrown [s\src\hotspot\share\interpreter\linkResolver.cpp, line 759]
Event: 19.720 Thread 0x0000015fa0428fc0 Exception <a 'java/lang/NoSuchMethodError'{0x00000000c31903a0}: 'int java.lang.invoke.DirectMethodHandle$Holder.invokeStatic(java.lang.Object)'> (0x00000000c31903a0) 
thrown [s\src\hotspot\share\interpreter\linkResolver.cpp, line 759]
Event: 19.720 Thread 0x0000015fa0428fc0 Exception <a 'java/lang/NoSuchMethodError'{0x00000000c31937a0}: 'int java.lang.invoke.DirectMethodHandle$Holder.invokeStaticInit(java.lang.Object)'> (0x00000000c31937a0) 
thrown [s\src\hotspot\share\interpreter\linkResolver.cpp, line 759]
Event: 58.579 Thread 0x0000015f9fc54f70 Exception <a 'java/lang/NoSuchMethodError'{0x00000000c4f7b2b8}: 'void java.lang.invoke.DirectMethodHandle$Holder.invokeStatic(java.lang.Object, long)'> (0x00000000c4f7b2b8) 
thrown [s\src\hotspot\share\interpreter\linkResolver.cpp, line 759]
Event: 58.584 Thread 0x0000015f9fc54f70 Exception <a 'java/lang/NoSuchMethodError'{0x00000000c4f80660}: 'java.lang.Object java.lang.invoke.DirectMethodHandle$Holder.newInvokeSpecial(java.lang.Object, long)'> (0x00000000c4f80660) 
thrown [s\src\hotspot\share\interpreter\linkResolver.cpp, line 759]

VM Operations (20 events):
Event: 9123.645 Executing VM operation: G1CollectFull done
Event: 9133.824 Executing VM operation: G1CollectFull
Event: 9133.848 Executing VM operation: G1CollectFull done
Event: 9144.092 Executing VM operation: G1CollectFull
Event: 9144.117 Executing VM operation: G1CollectFull done
Event: 9154.296 Executing VM operation: G1CollectFull
Event: 9154.320 Executing VM operation: G1CollectFull done
Event: 9164.610 Executing VM operation: G1CollectFull
Event: 9164.635 Executing VM operation: G1CollectFull done
Event: 9174.813 Executing VM operation: G1CollectFull
Event: 9174.839 Executing VM operation: G1CollectFull done
Event: 9185.071 Executing VM operation: G1CollectFull
Event: 9185.095 Executing VM operation: G1CollectFull done
Event: 9196.535 Executing VM operation: G1CollectFull
Event: 9196.563 Executing VM operation: G1CollectFull done
Event: 9206.771 Executing VM operation: G1CollectFull
Event: 9206.797 Executing VM operation: G1CollectFull done
Event: 9217.050 Executing VM operation: G1CollectFull
Event: 9217.080 Executing VM operation: G1CollectFull done
Event: 9227.759 Executing VM operation: G1CollectFull

Events (20 events):
Event: 1169.652 Thread 0x0000015fa0427670 Thread added: 0x0000015fa0427670
Event: 1169.660 Thread 0x0000015fa0428ab0 Thread added: 0x0000015fa0428ab0
Event: 1169.968 Thread 0x0000015fa0428090 Thread added: 0x0000015fa0428090
Event: 1229.969 Thread 0x0000015fa0427670 Thread exited: 0x0000015fa0427670
Event: 1230.441 Thread 0x0000015fa0428ab0 Thread exited: 0x0000015fa0428ab0
Event: 1230.593 Thread 0x0000015fa0428090 Thread exited: 0x0000015fa0428090
Event: 6358.452 Thread 0x0000015fa0427160 Thread added: 0x0000015fa0427160
Event: 6358.803 Thread 0x0000015fa0426740 Thread added: 0x0000015fa0426740
Event: 6418.894 Thread 0x0000015fa0427160 Thread exited: 0x0000015fa0427160
Event: 6421.376 Thread 0x0000015fa0426740 Thread exited: 0x0000015fa0426740
Event: 7981.921 Thread 0x0000015fa0428ab0 Thread added: 0x0000015fa0428ab0
Event: 7982.088 Thread 0x0000015fa0426740 Thread added: 0x0000015fa0426740
Event: 8026.202 loading class java/util/logging/LogRecord
Event: 8026.226 loading class java/util/logging/LogRecord done
Event: 8026.328 Thread 0x0000015fa0426c50 Thread added: 0x0000015fa0426c50
Event: 8086.350 Thread 0x0000015fa0428ab0 Thread exited: 0x0000015fa0428ab0
Event: 8089.780 Thread 0x0000015fa0426740 Thread exited: 0x0000015fa0426740
Event: 8091.940 Thread 0x0000015fa0426c50 Thread exited: 0x0000015fa0426c50
Event: 8171.106 Thread 0x0000015fa0426c50 Thread added: 0x0000015fa0426c50
Event: 8231.827 Thread 0x0000015fa0426c50 Thread exited: 0x0000015fa0426c50


Dynamic libraries:
0x00007ff666e10000 - 0x00007ff666e1e000 	c:\Users\mulya\.vscode\extensions\redhat.java-1.32.0-win32-x64\jre\17.0.11-win32-x86_64\bin\java.exe
0x00007ff8fb410000 - 0x00007ff8fb627000 	C:\Windows\SYSTEM32\ntdll.dll
0x00007ff8f9b90000 - 0x00007ff8f9c54000 	C:\Windows\System32\KERNEL32.DLL
0x00007ff8f89e0000 - 0x00007ff8f8d8d000 	C:\Windows\System32\KERNELBASE.dll
0x00007ff8f8e30000 - 0x00007ff8f8f41000 	C:\Windows\System32\ucrtbase.dll
0x00007ff8f0ab0000 - 0x00007ff8f0ac7000 	c:\Users\mulya\.vscode\extensions\redhat.java-1.32.0-win32-x64\jre\17.0.11-win32-x86_64\bin\jli.dll
0x00007ff8fa010000 - 0x00007ff8fa1be000 	C:\Windows\System32\USER32.dll
0x00007ff8f90c0000 - 0x00007ff8f90e6000 	C:\Windows\System32\win32u.dll
0x00007ff8fae10000 - 0x00007ff8fae39000 	C:\Windows\System32\GDI32.dll
0x00007ff8f88c0000 - 0x00007ff8f89d9000 	C:\Windows\System32\gdi32full.dll
0x00007ff8f8d90000 - 0x00007ff8f8e2a000 	C:\Windows\System32\msvcp_win.dll
0x00007ff8e8ef0000 - 0x00007ff8e8f0b000 	c:\Users\mulya\.vscode\extensions\redhat.java-1.32.0-win32-x64\jre\17.0.11-win32-x86_64\bin\VCRUNTIME140.dll
0x00007ff8dbcb0000 - 0x00007ff8dbf43000 	C:\Windows\WinSxS\amd64_microsoft.windows.common-controls_6595b64144ccf1df_6.0.22621.3672_none_2713b9d173822955\COMCTL32.dll
0x00007ff8fad60000 - 0x00007ff8fae07000 	C:\Windows\System32\msvcrt.dll
0x00007ff8fab10000 - 0x00007ff8fab41000 	C:\Windows\System32\IMM32.DLL
0x00007ff8f2d10000 - 0x00007ff8f2d1c000 	c:\Users\mulya\.vscode\extensions\redhat.java-1.32.0-win32-x64\jre\17.0.11-win32-x86_64\bin\vcruntime140_1.dll
0x00007ff8c7470000 - 0x00007ff8c74fd000 	c:\Users\mulya\.vscode\extensions\redhat.java-1.32.0-win32-x64\jre\17.0.11-win32-x86_64\bin\msvcp140.dll
0x00007ff858560000 - 0x00007ff8591c2000 	c:\Users\mulya\.vscode\extensions\redhat.java-1.32.0-win32-x64\jre\17.0.11-win32-x86_64\bin\server\jvm.dll
0x00007ff8faca0000 - 0x00007ff8fad52000 	C:\Windows\System32\ADVAPI32.dll
0x00007ff8fa900000 - 0x00007ff8fa9a9000 	C:\Windows\System32\sechost.dll
0x00007ff8f90f0000 - 0x00007ff8f9118000 	C:\Windows\System32\bcrypt.dll
0x00007ff8f9150000 - 0x00007ff8f9264000 	C:\Windows\System32\RPCRT4.dll
0x00007ff8f7580000 - 0x00007ff8f75cd000 	C:\Windows\SYSTEM32\POWRPROF.dll
0x00007ff8ed240000 - 0x00007ff8ed24a000 	C:\Windows\SYSTEM32\VERSION.dll
0x00007ff8ef890000 - 0x00007ff8ef8c4000 	C:\Windows\SYSTEM32\WINMM.dll
0x00007ff8de290000 - 0x00007ff8de299000 	C:\Windows\SYSTEM32\WSOCK32.dll
0x00007ff8fa290000 - 0x00007ff8fa301000 	C:\Windows\System32\WS2_32.dll
0x00007ff8f7560000 - 0x00007ff8f7573000 	C:\Windows\SYSTEM32\UMPDC.dll
0x00007ff8f7830000 - 0x00007ff8f7848000 	C:\Windows\SYSTEM32\kernel.appcore.dll
0x00007ff8f0aa0000 - 0x00007ff8f0aaa000 	c:\Users\mulya\.vscode\extensions\redhat.java-1.32.0-win32-x64\jre\17.0.11-win32-x86_64\bin\jimage.dll
0x00007ff8f61b0000 - 0x00007ff8f63e2000 	C:\Windows\SYSTEM32\DBGHELP.DLL
0x00007ff8fa390000 - 0x00007ff8fa718000 	C:\Windows\System32\combase.dll
0x00007ff8fb2c0000 - 0x00007ff8fb397000 	C:\Windows\System32\OLEAUT32.dll
0x00007ff8eab50000 - 0x00007ff8eab82000 	C:\Windows\SYSTEM32\dbgcore.DLL
0x00007ff8f8780000 - 0x00007ff8f87fb000 	C:\Windows\System32\bcryptPrimitives.dll
0x00007ff8d4c30000 - 0x00007ff8d4c55000 	c:\Users\mulya\.vscode\extensions\redhat.java-1.32.0-win32-x64\jre\17.0.11-win32-x86_64\bin\java.dll
0x00007ff8e03b0000 - 0x00007ff8e03c8000 	c:\Users\mulya\.vscode\extensions\redhat.java-1.32.0-win32-x64\jre\17.0.11-win32-x86_64\bin\zip.dll
0x00007ff8f9270000 - 0x00007ff8f9acf000 	C:\Windows\System32\SHELL32.dll
0x00007ff8f6610000 - 0x00007ff8f6f0c000 	C:\Windows\SYSTEM32\windows.storage.dll
0x00007ff8f63f0000 - 0x00007ff8f652f000 	C:\Windows\SYSTEM32\wintypes.dll
0x00007ff8faba0000 - 0x00007ff8fac94000 	C:\Windows\System32\SHCORE.dll
0x00007ff8fa1c0000 - 0x00007ff8fa21e000 	C:\Windows\System32\shlwapi.dll
0x00007ff8f8640000 - 0x00007ff8f8661000 	C:\Windows\SYSTEM32\profapi.dll
0x00007ff8dcfb0000 - 0x00007ff8dcfc9000 	C:\Users\mulya\.vscode\extensions\redhat.java-1.32.0-win32-x64\jre\17.0.11-win32-x86_64\bin\net.dll
0x00007ff8f26a0000 - 0x00007ff8f27d6000 	C:\Windows\SYSTEM32\WINHTTP.dll
0x00007ff8f7ca0000 - 0x00007ff8f7d09000 	C:\Windows\system32\mswsock.dll
0x00007ff8dc250000 - 0x00007ff8dc266000 	C:\Users\mulya\.vscode\extensions\redhat.java-1.32.0-win32-x64\jre\17.0.11-win32-x86_64\bin\nio.dll
0x00007ff8ed7d0000 - 0x00007ff8ed7e0000 	c:\Users\mulya\.vscode\extensions\redhat.java-1.32.0-win32-x64\jre\17.0.11-win32-x86_64\bin\verify.dll
0x00007ff8f7f10000 - 0x00007ff8f7f2b000 	C:\Windows\SYSTEM32\CRYPTSP.dll
0x00007ff8f7790000 - 0x00007ff8f77c5000 	C:\Windows\system32\rsaenh.dll
0x00007ff8f7da0000 - 0x00007ff8f7dc8000 	C:\Windows\SYSTEM32\USERENV.dll
0x00007ff8f7f00000 - 0x00007ff8f7f0c000 	C:\Windows\SYSTEM32\CRYPTBASE.dll
0x00007ff8f7240000 - 0x00007ff8f726d000 	C:\Windows\SYSTEM32\IPHLPAPI.DLL
0x00007ff8fa8f0000 - 0x00007ff8fa8f9000 	C:\Windows\System32\NSI.dll
0x00007ff8f27e0000 - 0x00007ff8f27f9000 	C:\Windows\SYSTEM32\dhcpcsvc6.DLL
0x00007ff8f2660000 - 0x00007ff8f267f000 	C:\Windows\SYSTEM32\dhcpcsvc.DLL
0x00007ff8f7270000 - 0x00007ff8f7368000 	C:\Windows\SYSTEM32\DNSAPI.dll
0x00007ff8e9aa0000 - 0x00007ff8e9aa9000 	C:\Users\mulya\.vscode\extensions\redhat.java-1.32.0-win32-x64\jre\17.0.11-win32-x86_64\bin\management.dll
0x00007ff8d3ce0000 - 0x00007ff8d3ceb000 	C:\Users\mulya\.vscode\extensions\redhat.java-1.32.0-win32-x64\jre\17.0.11-win32-x86_64\bin\management_ext.dll
0x00007ff8f9b80000 - 0x00007ff8f9b88000 	C:\Windows\System32\PSAPI.DLL

dbghelp: loaded successfully - version: 4.0.5 - missing functions: none
symbol engine: initialized successfully - sym options: 0x614 - pdb path: .;c:\Users\mulya\.vscode\extensions\redhat.java-1.32.0-win32-x64\jre\17.0.11-win32-x86_64\bin;C:\Windows\SYSTEM32;C:\Windows\WinSxS\amd64_microsoft.windows.common-controls_6595b64144ccf1df_6.0.22621.3672_none_2713b9d173822955;c:\Users\mulya\.vscode\extensions\redhat.java-1.32.0-win32-x64\jre\17.0.11-win32-x86_64\bin\server

VM Arguments:
jvm_args: -Xmx1024m -Dsts.lsp.client=vscode -Dsts.log.file=/dev/null -XX:TieredStopAtLevel=1 -Xlog:jni+resolve=off -Dspring.config.location=file:c:\Users\mulya\.vscode\extensions\vmware.vscode-spring-boot-1.55.1\language-server\BOOT-INF\classes\application.properties 
java_command: org.springframework.ide.vscode.boot.app.BootLanguageServerBootApp
java_class_path (initial): c:\Users\mulya\.vscode\extensions\vmware.vscode-spring-boot-1.55.1\language-server\BOOT-INF\classes;c:\Users\mulya\.vscode\extensions\vmware.vscode-spring-boot-1.55.1\language-server\BOOT-INF\lib\annotations-24.1.0.jar;c:\Users\mulya\.vscode\extensions\vmware.vscode-spring-boot-1.55.1\language-server\BOOT-INF\lib\antlr4-runtime-4.13.1.jar;c:\Users\mulya\.vscode\extensions\vmware.vscode-spring-boot-1.55.1\language-server\BOOT-INF\lib\asm-9.7.jar;c:\Users\mulya\.vscode\extensions\vmware.vscode-spring-boot-1.55.1\language-server\BOOT-INF\lib\asm-analysis-9.7.jar;c:\Users\mulya\.vscode\extensions\vmware.vscode-spring-boot-1.55.1\language-server\BOOT-INF\lib\asm-tree-9.7.jar;c:\Users\mulya\.vscode\extensions\vmware.vscode-spring-boot-1.55.1\language-server\BOOT-INF\lib\asm-util-9.7.jar;c:\Users\mulya\.vscode\extensions\vmware.vscode-spring-boot-1.55.1\language-server\BOOT-INF\lib\caffeine-3.1.8.jar;c:\Users\mulya\.vscode\extensions\vmware.vscode-spring-boot-1.55.1\language-server\BOOT-INF\lib\checker-qual-3.12.0.jar;c:\Users\mulya\.vscode\extensions\vmware.vscode-spring-boot-1.55.1\language-server\BOOT-INF\lib\classgraph-4.8.149.jar;c:\Users\mulya\.vscode\extensions\vmware.vscode-spring-boot-1.55.1\language-server\BOOT-INF\lib\commons-codec-1.16.1.jar;c:\Users\mulya\.vscode\extensions\vmware.vscode-spring-boot-1.55.1\language-server\BOOT-INF\lib\commons-compress-1.26.1.jar;c:\Users\mulya\.vscode\extensions\vmware.vscode-spring-boot-1.55.1\language-server\BOOT-INF\lib\commons-io-2.16.1.jar;c:\Users\mulya\.vscode\extensions\vmware.vscode-spring-boot-1.55.1\language-server\BOOT-INF\lib\commons-java-1.55.1-SNAPSHOT.jar;c:\Users\mulya\.vscode\extensions\vmware.vscode-spring-boot-1.55.1\language-server\BOOT-INF\lib\commons-lang3-3.14.0.jar;c:\Users\mulya\.vscode\extensions\vmware.vscode-spring-boot-1.55.1\language-server\BOOT-INF\lib\commons-language-server-1.55.1-SNAPSHOT.jar;c:\Users\mulya\.vscode\extensions\vmware.vscode-spring-boot-1.55.1\langu
Launcher Type: SUN_STANDARD

[Global flags]
     intx CICompilerCount                          = 3                                         {product} {ergonomic}
     uint ConcGCThreads                            = 1                                         {product} {ergonomic}
     uint G1ConcRefinementThreads                  = 4                                         {product} {ergonomic}
   size_t G1HeapRegionSize                         = 1048576                                   {product} {ergonomic}
    uintx GCDrainStackTargetSize                   = 64                                        {product} {ergonomic}
   size_t InitialHeapSize                          = 132120576                                 {product} {ergonomic}
   size_t MarkStackSize                            = 4194304                                   {product} {ergonomic}
   size_t MaxHeapSize                              = 1073741824                                {product} {command line}
   size_t MaxNewSize                               = 643825664                                 {product} {ergonomic}
   size_t MinHeapDeltaBytes                        = 1048576                                   {product} {ergonomic}
   size_t MinHeapSize                              = 8388608                                   {product} {ergonomic}
    uintx NonProfiledCodeHeapSize                  = 0                                      {pd product} {ergonomic}
     bool ProfileInterpreter                       = false                                  {pd product} {command line}
    uintx ProfiledCodeHeapSize                     = 0                                      {pd product} {ergonomic}
   size_t SoftMaxHeapSize                          = 1073741824                             {manageable} {ergonomic}
     intx TieredStopAtLevel                        = 1                                         {product} {command line}
     bool UseCompressedClassPointers               = true                           {product lp64_product} {ergonomic}
     bool UseCompressedOops                        = true                           {product lp64_product} {ergonomic}
     bool UseG1GC                                  = true                                      {product} {ergonomic}
     bool UseLargePagesIndividualAllocation        = false                                  {pd product} {ergonomic}

Logging:
Log output configuration:
 #0: stdout all=warning,jni+resolve=off uptime,level,tags
 #1: stderr all=off uptime,level,tags

Environment Variables:
JAVA_HOME=C:\Program Files\Java\jdk1.8.0_202
PATH=C:\Program Files\Java\jdk1.8.0_202\bin;C:\Program Files\apache-maven-3.6.3-bin\apache-maven-3.6.3\bin;C:\Program Files\Java\jdk1.8.0_202;C:\Program Files\Common Files\Oracle\Java\javapath;C:\Program Files (x86)\Common Files\Oracle\Java\javapath;C:\Windows\system32;C:\Windows;C:\Windows\System32\Wbem;C:\Windows\System32\WindowsPowerShell\v1.0\;C:\Windows\System32\OpenSSH\;C:\Program Files (x86)\NVIDIA Corporation\PhysX\Common;C:\Program Files\NVIDIA Corporation\NVIDIA NvDLISR;C:\Users\mulya\AppData\Roaming\nvm;C:\Program Files\nodejs;C:\Program Files\Zulu\zulu-11\bin\;C:\xampp\php;C:\composer;C:\Program Files\Git\cmd;C:\Program Files\Docker\Docker\resources\bin;C:\Program Files\nodejs\;C:\Program Files\MySQL\MySQL Server 8.4\bin;C:\Program Files\Cloudflare\Cloudflare WARP\;C:\Program Files\Go\bin;C:\Users\mulya\.console-ninja\.bin;C:\Users\mulya\AppData\Local\Microsoft\WindowsApps;C:\Users\mulya\AppData\Local\Programs\Microsoft VS Code\bin;C:\Users\mulya\AppData\Roaming\nvm;C:\Program Files\nodejs;C:\Users\mulya\AppData\Roaming\Composer\vendor\bin;C:\Users\mulya\AppData\Roaming\npm;C:\Program Files\MySQL\MySQL Server 8.4\bin;C:\Users\mulya\go\bin
USERNAME=mulya
OS=Windows_NT
PROCESSOR_IDENTIFIER=Intel64 Family 6 Model 140 Stepping 1, GenuineIntel
TMP=C:\Users\mulya\AppData\Local\Temp
TEMP=C:\Users\mulya\AppData\Local\Temp



Periodic native trim disabled


---------------  S Y S T E M  ---------------

OS:
 Windows 11 , 64 bit Build 22621 (10.0.22621.3672)
OS uptime: 2 days 15:50 hours
Hyper-V role detected

CPU: total 4 (initial active 4) (2 cores per cpu, 2 threads per core) family 6 model 140 stepping 1 microcode 0x8a, cx8, cmov, fxsr, ht, mmx, 3dnowpref, sse, sse2, sse3, ssse3, sse4.1, sse4.2, popcnt, lzcnt, tsc, tscinvbit, avx, avx2, aes, erms, clmul, bmi1, bmi2, adx, avx512f, avx512dq, avx512cd, avx512bw, avx512vl, sha, fma, vzeroupper, avx512_vpopcntdq, avx512_vpclmulqdq, avx512_vaes, avx512_vnni, clflush, clflushopt, clwb, avx512_vbmi2, avx512_vbmi, hv
Processor Information for all 4 processors :
  Max Mhz: 2995, Current Mhz: 2995, Mhz Limit: 2995

Memory: 4k page, system-wide physical 7971M (379M free)
TotalPageFile size 32547M (AvailPageFile size 13M)
current process WorkingSet (physical memory assigned to process): 40M, peak: 163M
current process commit charge ("private bytes"): 201M, peak: 222M

vm_info: OpenJDK 64-Bit Server VM (17.0.11+9) for windows-amd64 JRE (17.0.11+9), built on Apr 17 2024 06:07:48 by "admin" with MS VC++ 16.10 / 16.11 (VS2019)

END.
